argc=3
gFiles/gFile1

*************************************************************
 Geant4 version Name: geant4-09-05-patch-01    (20-March-2012)
                      Copyright : Geant4 Collaboration
                      Reference : NIM A 506 (2003), 250-303
                            WWW : http://cern.ch/geant4
*************************************************************

Creating FakeLumi.txt from entries in /home/mposka/simulations/analysis/root12fms/fmstxt/fill.txt 
hello
CALLING cellgeo->SetGains() to read correction and gain file
G4Cerenkov::G4Cerenkov constructor
NOTE: this is now a G4VProcess!
Required change in UserPhysicsList: 
change: pmanager->AddContinuousProcess(theCerenkovProcess);
to:     pmanager->AddProcess(theCerenkovProcess);
        pmanager->SetProcessOrdering(theCerenkovProcess,idxPostStep);
2.034e-06	0
2.068e-06	1.32482e-08
2.103e-06	2.68266e-08
2.139e-06	4.07409e-08
2.177e-06	5.53645e-08
2.216e-06	7.0308e-08
2.256e-06	8.55779e-08
2.298e-06	1.01552e-07
2.341e-06	1.17846e-07
2.386e-06	1.34825e-07
2.433e-06	1.52482e-07
2.481e-06	1.70449e-07
2.532e-06	1.89481e-07
2.585e-06	2.09198e-07
2.64e-06	2.29598e-07
2.697e-06	2.50674e-07
2.757e-06	2.72793e-07
2.82e-06	2.95948e-07
2.885e-06	3.19751e-07
2.954e-06	3.44942e-07
3.026e-06	3.7115e-07
3.102e-06	3.98714e-07
3.181e-06	4.27279e-07
3.265e-06	4.5758e-07
3.353e-06	4.89266e-07
3.446e-06	5.22693e-07
3.545e-06	5.58191e-07
3.649e-06	5.95392e-07
3.76e-06	6.35003e-07
3.877e-06	6.7668e-07
4.002e-06	7.21127e-07
4.136e-06	7.68661e-07
2.034e-06	0
2.068e-06	1.32482e-08
2.103e-06	2.68266e-08
2.139e-06	4.07409e-08
2.177e-06	5.53645e-08
2.216e-06	7.0308e-08
2.256e-06	8.55779e-08
2.298e-06	1.01552e-07
2.341e-06	1.17846e-07
2.386e-06	1.34825e-07
2.433e-06	1.52482e-07
2.481e-06	1.70449e-07
2.532e-06	1.89481e-07
2.585e-06	2.09198e-07
2.64e-06	2.29598e-07
2.697e-06	2.50674e-07
2.757e-06	2.72793e-07
2.82e-06	2.95948e-07
2.885e-06	3.19751e-07
2.954e-06	3.44942e-07
3.026e-06	3.7115e-07
3.102e-06	3.98714e-07
3.181e-06	4.27279e-07
3.265e-06	4.5758e-07
3.353e-06	4.89266e-07
3.446e-06	5.22693e-07
3.545e-06	5.58191e-07
3.649e-06	5.95392e-07
3.76e-06	6.35003e-07
3.877e-06	6.7668e-07
4.002e-06	7.21127e-07
4.136e-06	7.68661e-07
2.034e-06	0
2.068e-06	1.29794e-08
2.103e-06	2.6324e-08
2.139e-06	4.0033e-08
2.177e-06	5.44857e-08
2.216e-06	6.93005e-08
2.256e-06	8.44764e-08
2.298e-06	1.00392e-07
2.341e-06	1.16666e-07
2.386e-06	1.33676e-07
2.433e-06	1.51409e-07
2.481e-06	1.69486e-07
2.532e-06	1.88658e-07
2.585e-06	2.08545e-07
2.64e-06	2.29145e-07
2.697e-06	2.50441e-07
2.757e-06	2.72804e-07
2.82e-06	2.96227e-07
2.885e-06	3.20321e-07
2.954e-06	3.4582e-07
3.026e-06	3.72346e-07
3.102e-06	4.00245e-07
3.181e-06	4.29122e-07
3.265e-06	4.5968e-07
3.353e-06	4.91538e-07
3.446e-06	5.25025e-07
3.545e-06	5.60438e-07
3.649e-06	5.97374e-07
3.76e-06	6.36493e-07
3.877e-06	6.77362e-07
4.002e-06	7.2059e-07
4.136e-06	7.66444e-07
2.034e-06	0
2.068e-06	1.51111e-08
2.103e-06	3.06667e-08
2.139e-06	4.66667e-08
2.177e-06	6.35556e-08
2.216e-06	8.08889e-08
2.256e-06	9.86667e-08
2.298e-06	1.17333e-07
2.341e-06	1.36444e-07
2.386e-06	1.56444e-07
2.433e-06	1.77333e-07
2.481e-06	1.98667e-07
2.532e-06	2.21333e-07
2.585e-06	2.44889e-07
2.64e-06	2.69333e-07
2.697e-06	2.94667e-07
2.757e-06	3.21333e-07
2.82e-06	3.49333e-07
2.885e-06	3.78222e-07
2.954e-06	4.08889e-07
3.026e-06	4.40889e-07
3.102e-06	4.74667e-07
3.181e-06	5.09778e-07
3.265e-06	5.47111e-07
3.353e-06	5.86222e-07
3.446e-06	6.27556e-07
3.545e-06	6.71556e-07
3.649e-06	7.17778e-07
3.76e-06	7.67111e-07
3.877e-06	8.19111e-07
4.002e-06	8.74667e-07
4.136e-06	9.34222e-07
 AddDiscreteProcess to OpticalPhoton 
Visualization Manager instantiating with verbosity "warnings (3)"...
VISUALIZATION MANGAGER INITIALIZING
Visualization Manager initialising...
Registering graphics systems...

You have successfully registered the following graphics systems.
Current available graphics systems are:
  ASCIITree (ATree)
  DAWNFILE (DAWNFILE)
  G4HepRep (HepRepXML)
  G4HepRepFile (HepRepFile)
  RayTracer (RayTracer)
  VRML1FILE (VRML1FILE)
  VRML2FILE (VRML2FILE)
  gMocrenFile (gMocrenFile)

Registering model factories...

You have successfully registered the following model factories.
Registered model factories:
  generic
  drawByCharge
  drawByParticleID
  drawByOriginVolume
  drawByAttribute

Registered filter factories:
  chargeFilter
  particleFilter
  originVolumeFilter
  attributeFilter

Some /vis commands (optionally) take a string to specify colour.
Available colours:
  black, blue, cyan, gray, green, grey, magenta, red, white, yellow

command=/control/execute  fileName=macros/macro1.mac

phot:   for  gamma    SubType= 12
      ===== EM models for the G4Region  DefaultRegionForTheWorld ======
       PhotoElectric :  Emin=        0 eV    Emax=       10 TeV

compt:   for  gamma    SubType= 13
      Lambda tables from 100 eV  to 10 TeV in 77 bins, spline: 1
      ===== EM models for the G4Region  DefaultRegionForTheWorld ======
       Klein-Nishina :  Emin=        0 eV    Emax=       10 TeV

conv:   for  gamma    SubType= 14
      Lambda tables from 1.022 MeV to 10 TeV in 77 bins, spline: 1
      ===== EM models for the G4Region  DefaultRegionForTheWorld ======
        BetheHeitler :  Emin=        0 eV    Emax=       10 TeV

msc:   for e-    SubType= 10
      Lambda tables from 100 eV  to 10 TeV in 77 bins, spline: 1
      RangeFactor= 0.04, stepLimitType: 1, latDisplacement: 1
      ===== EM models for the G4Region  DefaultRegionForTheWorld ======
          UrbanMsc95 :  Emin=        0 eV    Emax=       10 TeV

eIoni:   for  e-    SubType= 2
      dE/dx and range tables from 100 eV  to 10 TeV in 77 bins
      Lambda tables from threshold to 10 TeV in 77 bins, spline: 1
      finalRange(mm)= 1, dRoverRange= 0.2, integral: 1, fluct: 1, linLossLimit= 0.01
      ===== EM models for the G4Region  DefaultRegionForTheWorld ======
        MollerBhabha :  Emin=        0 eV    Emax=       10 TeV

eBrem:   for  e-    SubType= 3
      dE/dx and range tables from 100 eV  to 10 TeV in 77 bins
      Lambda tables from threshold to 10 TeV in 77 bins, spline: 1
      LPM flag: 1 for E > 1 GeV
      ===== EM models for the G4Region  DefaultRegionForTheWorld ======
             eBremSB :  Emin=        0 eV    Emax=        1 GeV   AngularGenUrban
            eBremLPM :  Emin=        1 GeV   Emax=       10 TeV   AngularGenUrban

eIoni:   for  e+    SubType= 2
      dE/dx and range tables from 100 eV  to 10 TeV in 77 bins
      Lambda tables from threshold to 10 TeV in 77 bins, spline: 1
      finalRange(mm)= 1, dRoverRange= 0.2, integral: 1, fluct: 1, linLossLimit= 0.01
      ===== EM models for the G4Region  DefaultRegionForTheWorld ======
        MollerBhabha :  Emin=        0 eV    Emax=       10 TeV

eBrem:   for  e+    SubType= 3
      dE/dx and range tables from 100 eV  to 10 TeV in 77 bins
      Lambda tables from threshold to 10 TeV in 77 bins, spline: 1
      LPM flag: 1 for E > 1 GeV
      ===== EM models for the G4Region  DefaultRegionForTheWorld ======
             eBremSB :  Emin=        0 eV    Emax=        1 GeV   AngularGenUrban
            eBremLPM :  Emin=        1 GeV   Emax=       10 TeV   AngularGenUrban

annihil:   for  e+    SubType= 5
      ===== EM models for the G4Region  DefaultRegionForTheWorld ======
            eplus2gg :  Emin=        0 eV    Emax=       10 TeV

msc:   for proton    SubType= 10
      Lambda tables from 100 eV  to 10 TeV in 77 bins, spline: 1
      RangeFactor= 0.2, stepLimitType: 0, latDisplacement: 1
      ===== EM models for the G4Region  DefaultRegionForTheWorld ======
          UrbanMsc90 :  Emin=        0 eV    Emax=       10 TeV

hIoni:   for  proton    SubType= 2
      dE/dx and range tables from 100 eV  to 10 TeV in 77 bins
      Lambda tables from threshold to 10 TeV in 77 bins, spline: 1
      finalRange(mm)= 0.1, dRoverRange= 0.2, integral: 1, fluct: 1, linLossLimit= 0.01
      ===== EM models for the G4Region  DefaultRegionForTheWorld ======
               Bragg :  Emin=        0 eV    Emax=        2 MeV
          BetheBloch :  Emin=        2 MeV   Emax=       10 TeV

hBrems:   for  proton    SubType= 3
      dE/dx and range tables from 100 eV  to 10 TeV in 77 bins
      Lambda tables from threshold to 10 TeV in 77 bins, spline: 1
      ===== EM models for the G4Region  DefaultRegionForTheWorld ======
               hBrem :  Emin=        0 eV    Emax=       10 TeV

hPairProd:   for  proton    SubType= 4
      dE/dx and range tables from 100 eV  to 10 TeV in 77 bins
      Lambda tables from threshold to 10 TeV in 77 bins, spline: 1
      ===== EM models for the G4Region  DefaultRegionForTheWorld ======
           hPairProd :  Emin=        0 eV    Emax=       10 TeV

hIoni:   for  anti_proton    SubType= 2
      dE/dx and range tables from 100 eV  to 10 TeV in 77 bins
      Lambda tables from threshold to 10 TeV in 77 bins, spline: 1
      finalRange(mm)= 0.1, dRoverRange= 0.2, integral: 1, fluct: 1, linLossLimit= 0.01
      ===== EM models for the G4Region  DefaultRegionForTheWorld ======
            ICRU73QO :  Emin=        0 eV    Emax=        2 MeV
          BetheBloch :  Emin=        2 MeV   Emax=       10 TeV

msc:   for kaon+    SubType= 10
      Lambda tables from 100 eV  to 10 TeV in 77 bins, spline: 1
      RangeFactor= 0.2, stepLimitType: 0, latDisplacement: 1
      ===== EM models for the G4Region  DefaultRegionForTheWorld ======
          UrbanMsc90 :  Emin=        0 eV    Emax=       10 TeV

hIoni:   for  kaon+    SubType= 2
      dE/dx and range tables from 100 eV  to 10 TeV in 77 bins
      Lambda tables from threshold to 10 TeV in 77 bins, spline: 1
      finalRange(mm)= 0.1, dRoverRange= 0.2, integral: 1, fluct: 1, linLossLimit= 0.01
      ===== EM models for the G4Region  DefaultRegionForTheWorld ======
               Bragg :  Emin=        0 eV    Emax=  1.05231 MeV
          BetheBloch :  Emin=  1.05231 MeV   Emax=       10 TeV

hIoni:   for  kaon-    SubType= 2
      dE/dx and range tables from 100 eV  to 10 TeV in 77 bins
      Lambda tables from threshold to 10 TeV in 77 bins, spline: 1
      finalRange(mm)= 0.1, dRoverRange= 0.2, integral: 1, fluct: 1, linLossLimit= 0.01
      ===== EM models for the G4Region  DefaultRegionForTheWorld ======
            ICRU73QO :  Emin=        0 eV    Emax=  1.05231 MeV
          BetheBloch :  Emin=  1.05231 MeV   Emax=       10 TeV

muMsc:   for mu+    SubType= 10
      Lambda tables from 100 eV  to 10 TeV in 77 bins, spline: 1
      RangeFactor= 0.2, step limit type: 0, lateralDisplacement: 1, polarAngleLimit(deg)= 0
      ===== EM models for the G4Region  DefaultRegionForTheWorld ======
          UrbanMsc90 :  Emin=        0 eV    Emax=       10 TeV

muIoni:   for  mu+    SubType= 2
      dE/dx and range tables from 100 eV  to 10 TeV in 77 bins
      Lambda tables from threshold to 10 TeV in 77 bins, spline: 1
      finalRange(mm)= 1, dRoverRange= 0.2, integral: 1, fluct: 1, linLossLimit= 0.01
      ===== EM models for the G4Region  DefaultRegionForTheWorld ======
               Bragg :  Emin=        0 eV    Emax=      200 keV
          BetheBloch :  Emin=      200 keV   Emax=        1 GeV
        MuBetheBloch :  Emin=        1 GeV   Emax=       10 TeV

muBrems:   for  mu+    SubType= 3
      dE/dx and range tables from 100 eV  to 10 TeV in 77 bins
      Lambda tables from threshold to 10 TeV in 77 bins, spline: 1
      ===== EM models for the G4Region  DefaultRegionForTheWorld ======
              MuBrem :  Emin=        0 eV    Emax=       10 TeV

muPairProd:   for  mu+    SubType= 4
      dE/dx and range tables from 100 eV  to 10 TeV in 77 bins
      Lambda tables from threshold to 10 TeV in 77 bins, spline: 1
      ===== EM models for the G4Region  DefaultRegionForTheWorld ======
          muPairProd :  Emin=        0 eV    Emax=       10 TeV

muIoni:   for  mu-    SubType= 2
      dE/dx and range tables from 100 eV  to 10 TeV in 77 bins
      Lambda tables from threshold to 10 TeV in 77 bins, spline: 1
      finalRange(mm)= 1, dRoverRange= 0.2, integral: 1, fluct: 1, linLossLimit= 0.01
      ===== EM models for the G4Region  DefaultRegionForTheWorld ======
            ICRU73QO :  Emin=        0 eV    Emax=      200 keV
          BetheBloch :  Emin=      200 keV   Emax=        1 GeV
        MuBetheBloch :  Emin=        1 GeV   Emax=       10 TeV

muBrems:   for  mu-    SubType= 3
      dE/dx and range tables from 100 eV  to 10 TeV in 77 bins
      Lambda tables from threshold to 10 TeV in 77 bins, spline: 1
      ===== EM models for the G4Region  DefaultRegionForTheWorld ======
              MuBrem :  Emin=        0 eV    Emax=       10 TeV

muPairProd:   for  mu-    SubType= 4
      dE/dx and range tables from 100 eV  to 10 TeV in 77 bins
      Lambda tables from threshold to 10 TeV in 77 bins, spline: 1
      ===== EM models for the G4Region  DefaultRegionForTheWorld ======
          muPairProd :  Emin=        0 eV    Emax=       10 TeV

hIoni:   for  pi+    SubType= 2
      dE/dx and range tables from 100 eV  to 10 TeV in 77 bins
      Lambda tables from threshold to 10 TeV in 77 bins, spline: 1
      finalRange(mm)= 0.1, dRoverRange= 0.2, integral: 1, fluct: 1, linLossLimit= 0.01
      ===== EM models for the G4Region  DefaultRegionForTheWorld ======
               Bragg :  Emin=        0 eV    Emax=  297.505 keV
          BetheBloch :  Emin=  297.505 keV   Emax=       10 TeV

hBrems:   for  pi+    SubType= 3
      dE/dx and range tables from 100 eV  to 10 TeV in 77 bins
      Lambda tables from threshold to 10 TeV in 77 bins, spline: 1
      ===== EM models for the G4Region  DefaultRegionForTheWorld ======
               hBrem :  Emin=        0 eV    Emax=       10 TeV

hPairProd:   for  pi+    SubType= 4
      dE/dx and range tables from 100 eV  to 10 TeV in 77 bins
      Lambda tables from threshold to 10 TeV in 77 bins, spline: 1
      ===== EM models for the G4Region  DefaultRegionForTheWorld ======
           hPairProd :  Emin=        0 eV    Emax=       10 TeV

msc:   for pi-    SubType= 10
      Lambda tables from 100 eV  to 10 TeV in 77 bins, spline: 1
      RangeFactor= 0.2, stepLimitType: 0, latDisplacement: 1
      ===== EM models for the G4Region  DefaultRegionForTheWorld ======
          UrbanMsc90 :  Emin=        0 eV    Emax=       10 TeV

hIoni:   for  pi-    SubType= 2
      dE/dx and range tables from 100 eV  to 10 TeV in 77 bins
      Lambda tables from threshold to 10 TeV in 77 bins, spline: 1
      finalRange(mm)= 0.1, dRoverRange= 0.2, integral: 1, fluct: 1, linLossLimit= 0.01
      ===== EM models for the G4Region  DefaultRegionForTheWorld ======
            ICRU73QO :  Emin=        0 eV    Emax=  297.505 keV
          BetheBloch :  Emin=  297.505 keV   Emax=       10 TeV

hBrems:   for  pi-    SubType= 3
      dE/dx and range tables from 100 eV  to 10 TeV in 77 bins
      Lambda tables from threshold to 10 TeV in 77 bins, spline: 1
      ===== EM models for the G4Region  DefaultRegionForTheWorld ======
               hBrem :  Emin=        0 eV    Emax=       10 TeV

hPairProd:   for  pi-    SubType= 4
      dE/dx and range tables from 100 eV  to 10 TeV in 77 bins
      Lambda tables from threshold to 10 TeV in 77 bins, spline: 1
      ===== EM models for the G4Region  DefaultRegionForTheWorld ======
           hPairProd :  Emin=        0 eV    Emax=       10 TeV

========= Table of registered couples ==============================

Index : 0     used in the geometry : Yes     recalculation needed : No 
 Material : Air
 Range cuts        :  gamma  1 cm     e-  1 cm     e+  1 cm  proton 1 cm 
 Energy thresholds :  gamma  990 eV     e-  17.6927 keV    e+  17.1942 keV proton 1 MeV
 Region(s) which use this couple : 
    DefaultRegionForTheWorld

Index : 1     used in the geometry : Yes     recalculation needed : No 
 Material : G4_Al
 Range cuts        :  gamma  1 cm     e-  1 cm     e+  1 cm  proton 1 cm 
 Energy thresholds :  gamma  20.3682 keV    e-  4.52289 MeV    e+  4.28616 MeV proton 1 MeV
 Region(s) which use this couple : 
    DefaultRegionForTheWorld

Index : 2     used in the geometry : Yes     recalculation needed : No 
 Material : PbGlass386
 Range cuts        :  gamma  1 cm     e-  1 cm     e+  1 cm  proton 1 cm 
 Energy thresholds :  gamma  123.341 keV    e-  5.53312 MeV    e+  5.17351 MeV proton 1 MeV
 Region(s) which use this couple : 
    DefaultRegionForTheWorld

Index : 3     used in the geometry : Yes     recalculation needed : No 
 Material : G4_GLASS_LEAD
 Range cuts        :  gamma  1 cm     e-  1 cm     e+  1 cm  proton 1 cm 
 Energy thresholds :  gamma  168.019 keV    e-  8.62165 MeV    e+  8.06131 MeV proton 1 MeV
 Region(s) which use this couple : 
    DefaultRegionForTheWorld

Index : 4     used in the geometry : Yes     recalculation needed : No 
 Material : PbGlass361
 Range cuts        :  gamma  1 cm     e-  1 cm     e+  1 cm  proton 1 cm 
 Energy thresholds :  gamma  110.767 keV    e-  5.53312 MeV    e+  5.17351 MeV proton 1 MeV
 Region(s) which use this couple : 
    DefaultRegionForTheWorld

====================================================================

### Run 0 start.
----- PREPARING FOR EVENT 0 -----
>>> begin event 

-------->Hits Collection: in this event they are 86751 hits in the large FMS cells: 

-------->Hits Collection: in this event they are 775779 hits in the small FMS cells: 
Try to Print 86751 Large Cell Hits
Esum=->1.5189778 Ncerenkov=74350(48947.392 photons/GeV)
Try to Print 775779 Small Cell Hits
Esum=->14.386776 Ncerenkov=672418(46738.617 photons/GeV)
HT (n4,r12,c11)
nQTdata=24
THE nQTdata FOR PRIMARY 0 is 24
Try to Print 86751 Large Cell Hits
Esum=->1.5189778 Ncerenkov=74350(48947.392 photons/GeV)
Try to Print 775779 Small Cell Hits
Esum=->14.386776 Ncerenkov=672418(46738.617 photons/GeV)
HT (n4,r12,c11)
nQTdata=24
THE nQTdata FOR PRIMARY 1 is 24
Try to Print 86751 Large Cell Hits
Esum=->0 Ncerenkov=0(-nan photons/GeV)
Try to Print 775779 Small Cell Hits
Esum=->0 Ncerenkov=0(-nan photons/GeV)
HT (n0,r0,c0)
nQTdata=1
THE nQTdata FOR PRIMARY 2 is 1
Try to Print 86751 Large Cell Hits
Esum=->0 Ncerenkov=0(-nan photons/GeV)
Try to Print 775779 Small Cell Hits
Esum=->0 Ncerenkov=0(-nan photons/GeV)
HT (n0,r0,c0)
nQTdata=1
THE nQTdata FOR PRIMARY 3 is 1
THE NUMBER OF ENTRIES IN MYVEC IS 4
THE ENTRIES OF MYVEC ARE 24
 24
 1
 1
writing data...
