000 (003.002.000) 01/12 21:59:20 Job submitted from host: <127.0.0.1:57784>
...
001 (003.002.000) 01/12 21:59:20 Job executing on host: <127.0.0.1:48900>
...
006 (003.002.000) 01/12 21:59:29 Image size of job updated: 190660
	11  -  MemoryUsage of job (MB)
	10772  -  ResidentSetSize of job (KB)
...
006 (003.002.000) 01/12 21:59:35 Image size of job updated: 311436
	11  -  MemoryUsage of job (MB)
	10772  -  ResidentSetSize of job (KB)
...
005 (003.002.000) 01/12 21:59:35 Job terminated.
	(1) Normal termination (return value 0)
		Usr 0 00:00:14, Sys 0 00:00:00  -  Run Remote Usage
		Usr 0 00:00:00, Sys 0 00:00:00  -  Run Local Usage
		Usr 0 00:00:14, Sys 0 00:00:00  -  Total Remote Usage
		Usr 0 00:00:00, Sys 0 00:00:00  -  Total Local Usage
	0  -  Run Bytes Sent By Job
	0  -  Run Bytes Received By Job
	0  -  Total Bytes Sent By Job
	0  -  Total Bytes Received By Job
	Partitionable Resources :    Usage  Request Allocated
	   Cpus                 :                 1         1
	   Disk (KB)            :      325      325   3739891
	   Memory (MB)          :       11        1      1996
...
